<?xml version="1.0" encoding="UTF-8"?>
<testsuites name="Mocha Tests" time="1.723" tests="1" failures="0">
  <testsuite name="Root Suite" timestamp="2024-10-04T06:12:17" tests="0" file="cypress/e2e/test.cy.js" time="0.000" failures="0">
  </testsuite>
  <testsuite name="template spec" timestamp="2024-10-04T06:12:17" tests="1" time="1.712" failures="0">
    <testcase name="template spec passes" time="0.652" classname="passes">
    </testcase>
  </testsuite>
</testsuites>